{
  "RSpec": {
    "coverage": {
      "/Users/James/Desktop/toy-robot/lib/robot_runner.rb": [
        1,
        1,
        null,
        1,
        1,
        3,
        3,
        null,
        3,
        null,
        null,
        1,
        2,
        0,
        0,
        null,
        0,
        0,
        null,
        0,
        null,
        0,
        0,
        null,
        null,
        0,
        2,
        1,
        0,
        null,
        1,
        null,
        null,
        1,
        null,
        null,
        null,
        1,
        2,
        5,
        null,
        5,
        2,
        null,
        null,
        null,
        0,
        null,
        null,
        null,
        1,
        0,
        null,
        null,
        null
      ],
      "/Users/James/Desktop/toy-robot/lib/robot.rb": [
        1,
        1,
        null,
        1,
        13,
        13,
        null,
        null,
        1,
        null,
        7,
        null,
        7,
        6,
        null,
        1,
        null,
        null,
        null,
        1,
        1,
        null,
        null,
        1,
        1,
        null,
        null,
        1,
        2,
        null,
        2,
        1,
        1,
        null,
        1,
        1,
        null,
        null,
        null,
        2,
        1,
        null,
        1,
        null,
        null,
        null,
        1,
        7,
        6,
        6,
        6,
        null,
        6,
        null,
        1,
        null,
        null,
        null,
        1,
        7,
        null,
        null,
        1,
        null,
        1,
        7,
        null,
        null,
        1,
        2,
        null,
        2,
        null,
        2,
        1,
        1,
        1,
        null,
        null,
        null
      ],
      "/Users/James/Desktop/toy-robot/lib/table.rb": [
        1,
        1,
        null,
        1,
        15,
        15,
        null,
        null,
        1,
        12,
        null,
        null
      ],
      "/Users/James/Desktop/toy-robot/spec/robot_spec.rb": [
        1,
        null,
        1,
        1,
        10,
        null,
        null,
        1,
        1,
        null,
        1,
        null,
        1,
        1,
        null,
        null,
        1,
        1,
        null,
        null,
        null,
        1,
        1,
        1,
        null,
        1,
        1,
        1,
        null,
        null,
        1,
        1,
        null,
        1,
        1,
        1,
        null,
        null,
        null,
        1,
        1,
        1,
        1,
        null,
        null,
        1,
        1,
        null,
        null,
        null,
        1,
        1,
        1,
        null,
        4,
        null,
        null,
        null,
        1,
        1,
        1,
        null,
        4,
        null,
        null,
        null,
        1,
        1,
        1,
        null,
        4,
        null,
        null,
        1,
        1,
        null,
        4,
        null,
        null,
        null
      ],
      "/Users/James/Desktop/toy-robot/spec/table_spec.rb": [
        1,
        null,
        1,
        1,
        1,
        2,
        null,
        null,
        1,
        1,
        1,
        null,
        null,
        1,
        null,
        1,
        null,
        null,
        null
      ]
    },
    "timestamp": 1449479764
  }
}
